********************************************************************************
*                    Friday, September 15, 2017 5:40:56 PM                     *
********************************************************************************
CSharpCompilerWrapper.exe version: 2.0.3.30
Platform: Windows
Target assembly: Assembly-CSharp.dll
Project directory: E:\code\SingleServerEngine\code\migong
Target profile directory: E:\Program Files (x86)\Unity\Editor\Data\Mono\lib\mono\unity
Unity 'Data' or 'Frameworks' directory: E:/Program Files (x86)/Unity/Editor/Data
Compiler: Microsoft C# 6.0

- Compilation -----------------------------------------------

Process: E:\code\SingleServerEngine\code\migong\CSharp60Support\Roslyn\csc.exe
Arguments: -nostdlib+ -noconfig -nologo -r:"E:\Program Files (x86)\Unity\Editor\Data\Mono\lib\mono\unity\mscorlib.dll" -r:"E:\Program Files (x86)\Unity\Editor\Data\Mono\lib\mono\unity\System.dll" -r:"E:\Program Files (x86)\Unity\Editor\Data\Mono\lib\mono\unity\System.Core.dll" -r:"E:\Program Files (x86)\Unity\Editor\Data\Mono\lib\mono\unity\System.Xml.dll" @Temp/UnityTempFile-dc931b6728cfb6f41bf190baba929355 
Exit code: 0
Elapsed time: 0.86 sec

- Compiler output (0 lines):

- Compiler errors (3 lines):
0: Assets\Scripts\MapCreate.cs(9,20): warning CS0108: 'MapCreate.camera' hides inherited member 'Component.camera'. Use the new keyword if hiding was intended.
1: Assets\Scripts\ClientSocket.cs(93,20): warning CS0168: The variable '_e' is declared but never used
2: Assets\Scripts\SocketTest.cs(9,15): warning CS0649: Field 'SocketTest.mSocket' is never assigned to, and will always have its default value null

- PDB to MDB conversion --------------------------------------

Process: E:\code\SingleServerEngine\code\migong\CSharp60Support\Roslyn\pdb2mdb.exe
Arguments: Temp\Assembly-CSharp.dll
Exit code: 0
Elapsed time: 0.22 sec

- pdb2mdb.exe output (0 lines):
********************************************************************************
*                    Friday, September 15, 2017 5:40:58 PM                     *
********************************************************************************
CSharpCompilerWrapper.exe version: 2.0.3.30
Platform: Windows
Target assembly: Assembly-CSharp-Editor.dll
Project directory: E:\code\SingleServerEngine\code\migong
Target profile directory: E:\Program Files (x86)\Unity\Editor\Data\MonoBleedingEdge\lib\mono\2.0-api
Unity 'Data' or 'Frameworks' directory: E:/Program Files (x86)/Unity/Editor/Data
Compiler: Microsoft C# 6.0

- Compilation -----------------------------------------------

Process: E:\code\SingleServerEngine\code\migong\CSharp60Support\Roslyn\csc.exe
Arguments: -nostdlib+ -noconfig -nologo -r:"E:\Program Files (x86)\Unity\Editor\Data\MonoBleedingEdge\lib\mono\2.0-api\mscorlib.dll" -r:"E:\Program Files (x86)\Unity\Editor\Data\MonoBleedingEdge\lib\mono\2.0-api\System.dll" -r:"E:\Program Files (x86)\Unity\Editor\Data\MonoBleedingEdge\lib\mono\2.0-api\System.Core.dll" -r:"E:\Program Files (x86)\Unity\Editor\Data\MonoBleedingEdge\lib\mono\2.0-api\System.Xml.dll" @Temp/UnityTempFile-4f5d8e3c024ffea47ad7a8e83414fbac 
Exit code: 0
Elapsed time: 0.45 sec

- Compiler output (0 lines):

- Compiler errors (0 lines):

- PDB to MDB conversion --------------------------------------

Process: E:\code\SingleServerEngine\code\migong\CSharp60Support\Roslyn\pdb2mdb.exe
Arguments: Temp\Assembly-CSharp-Editor.dll
Exit code: 0
Elapsed time: 0.09 sec

- pdb2mdb.exe output (0 lines):
